<?xml version="1.0" encoding="UTF-8"?>
<testsuite xmlns:xsi="http://www.w3.org/2001/XMLSchema-instance" xsi:noNamespaceSchemaLocation="https://maven.apache.org/surefire/maven-surefire-plugin/xsd/surefire-test-report.xsd" name="test.cucumber.RunCukesTest" time="0.2" tests="1" errors="1" skipped="0" failures="0">
  <properties>
[...]
</properties>
  <testcase name="initializationError" classname="test.cucumber.RunCukesTest" time="0.012">
    <error message="Provider &quot;html&quot; not installed" type="java.nio.file.FileSystemNotFoundException">java.nio.file.FileSystemNotFoundException: Provider "html" not installed
</error>
  </testcase>
</testsuite>